<?xml version="1.0" encoding="UTF-8"?>
<beans xmlns="http://www.springframework.org/schema/beans"
	xmlns:xsi="http://www.w3.org/2001/XMLSchema-instance"
	xmlns:context="http://www.springframework.org/schema/context"
	xmlns:jaxws="http://cxf.apache.org/jaxws"
	xsi:schemaLocation="
		http://www.springframework.org/schema/context 
		http://www.springframework.org/schema/context/spring-context.xsd
        http://www.springframework.org/schema/beans http://www.springframework.org/schema/beans/spring-beans.xsd
        http://cxf.apache.org/jaxws http://cxf.apache.org/schemas/jaxws.xsd">

	<import resource="classpath:META-INF/cxf/cxf.xml" />

	<context:component-scan
		base-package="com.shariqparwez.cxfdemo" />

	<bean id="defaultOrdersEndpoint"
		class="com.shariqparwez.cxfdemo.orders.DefaultOrdersEndpoint" />

	<jaxws:server id="testOrdersServer"
		address="http://localhost:9001/apache-cxf-jax-ws-demo/services/orders"
		serviceBean="#defaultOrdersEndpoint"
		serviceClass="com.shariqparwez.service.orders.Orders">

		<jaxws:inInterceptors>
			<ref bean="LoggingInInterceptor" />
		</jaxws:inInterceptors>
		<jaxws:outInterceptors>
			<ref bean="LoggingOutInterceptor" />
		</jaxws:outInterceptors>

	</jaxws:server>

	<bean id="LoggingInInterceptor"
		class="org.apache.cxf.interceptor.LoggingInInterceptor" />
	<bean id="LoggingOutInterceptor"
		class="org.apache.cxf.interceptor.LoggingOutInterceptor" />

	<jaxws:client id="testOrdersClient"
		address="http://localhost:9001/apache-cxf-jax-ws-demo/services/orders"
		serviceClass="com.shariqparwez.service.orders.Orders">

		<jaxws:inInterceptors>
			<ref bean="LoggingInInterceptor" />
		</jaxws:inInterceptors>
		<jaxws:outInterceptors>
			<ref bean="LoggingOutInterceptor" />
		</jaxws:outInterceptors>

	</jaxws:client>

</beans>